Arguments: 
  C:\Program Files\nodejs\node.exe C:\Users\Yazid\AppData\Roaming\npm\node_modules\yarn\bin\yarn.js add express

PATH: 
  C:\PROGRAMDATA\ORACLE\JAVA\JAVAPATH;C:\PROGRAM FILES (X86)\LENOVO\FUSIONENGINE;C:\PROGRAM FILES\BROADCOM\BROADCOM 802.11 NETWORK ADAPTER;C:\PROGRAM FILES (X86)\INTEL\ICLS CLIENT\;C:\PROGRAM FILES\INTEL\ICLS CLIENT\;C:\WINDOWS\SYSTEM32;C:\WINDOWS;C:\WINDOWS\SYSTEM32\WBEM;C:\WINDOWS\SYSTEM32\WINDOWSPOWERSHELL\V1.0\;C:\PROGRAM FILES\INTEL\INTEL(R) MANAGEMENT ENGINE COMPONENTS\DAL;C:\PROGRAM FILES (X86)\INTEL\INTEL(R) MANAGEMENT ENGINE COMPONENTS\DAL;C:\PROGRAM FILES\INTEL\INTEL(R) MANAGEMENT ENGINE COMPONENTS\IPT;C:\PROGRAM FILES (X86)\INTEL\INTEL(R) MANAGEMENT ENGINE COMPONENTS\IPT;C:\PROGRAM FILES (X86)\LENOVO\MOTION CONTROL\;C:\PROGRAM FILES (X86)\COMMON FILES\LENOVO\EASYPLUSSDK\BIN;C:\PROGRAM FILES (X86)\WINDOWS LIVE\SHARED;C:\Program Files\Cloud Foundry;C:\Program Files\Git\cmd;C:\PHP_test;C:\ProgramData\ComposerSetup\bin;C:\Program Files (x86)\Skype\Phone\;C:\WINDOWS\system32;C:\WINDOWS;C:\WINDOWS\System32\Wbem;C:\WINDOWS\System32\WindowsPowerShell\v1.0\;C:\Users\Yazid\AppData\Roaming\nvm;C:\Program Files\nodejs;C:\Program Files\Java\jdk1.8.0_152\bin;;C:\WINDOWS\System32\OpenSSH\;C:\Program Files\Amazon\AWSCLI\;C:\Users\Yazid\Anaconda3;C:\Users\Yazid\Anaconda3\Scripts;C:\Users\Yazid\Anaconda3\Library\bin;C:\Users\Yazid\AppData\Local\Microsoft\WindowsApps;C:\OpenSSL\bin;C:\antiword;C:\Users\Yazid\AppData\Roaming\Composer\vendor\bin;C:\Users\Yazid\AppData\Roaming\npm;C:\Users\Yazid\AppData\Roaming\nvm;C:\Program Files\nodejs;

Yarn version: 
  1.9.4

Node version: 
  9.2.0

Platform: 
  win32 x64

Trace: 
  SyntaxError: C:\Users\Yazid\Documents\Cours\Stage\StageG3\DocAccenture\raw\package.json: Unexpected token / in JSON at position 26
      at JSON.parse (<anonymous>)
      at C:\Users\Yazid\AppData\Roaming\npm\node_modules\yarn\lib\cli.js:1130:59
      at Generator.next (<anonymous>)
      at step (C:\Users\Yazid\AppData\Roaming\npm\node_modules\yarn\lib\cli.js:92:30)
      at C:\Users\Yazid\AppData\Roaming\npm\node_modules\yarn\lib\cli.js:103:13
      at <anonymous>

npm manifest: 
  {
    "dependencies": {
      // "@bower_components/FileSaver": "https://cdn.rawgit.com/eligrey/FileSaver.js/e9d941381475b5df8b7d7691013401e171014e89/FileSaver.min.js",
      "@bower_components/angular": "angular/bower-angular#1.6.2",
      "@bower_components/angular-animate": "angular/bower-angular-animate#1.6.2",
      "@bower_components/angular-bootstrap-colorpicker": "buberdds/angular-bootstrap-colorpicker#*",
      "@bower_components/angular-route": "angular/bower-angular-route#1.6.2",
      "@bower_components/angular-sanitize": "angular/bower-angular-sanitize#1.6.2",
      "@bower_components/angular-strap": "mgcrea/angular-strap#2.3.12",
      "@bower_components/angular-ui": "angular-ui/angular-ui#0.4.0",
      "@bower_components/bootstrap": "twbs/bootstrap#3.3.6",
      "@bower_components/bootstrap-colorpicker": "itsjavi/bootstrap-colorpicker#*",
      "@bower_components/canvas-toBlob": "eligrey/canvas-toBlob.js",
      "@bower_components/codemirror": "components/codemirror#*",
      "@bower_components/d3": "mbostock-bower/d3-bower#5.0.0",
      "@bower_components/d3-contour": "d3/d3-contour",
      "@bower_components/d3-box": "d3/d3-box",
      "@bower_components/d3-delaunay": "d3/d3-delaunay",
      "@bower_components/d3-hexbin": "d3/d3-hexbin",
      "@bower_components/d3-sankey": "d3/d3-sankey",
      "@bower_components/d3-voronoi": "d3/d3-voronoi",
      "@bower_components/is_js": "arasatasaygin/is.js#0.9.0",
      "@bower_components/jquery": "jquery/jquery-dist#1.9.1 - 2",
      "@bower_components/jquery-ui": "components/jqueryui#1.12.1",
      "@bower_components/jqueryui-touch-punch": "furf/jquery-ui-touch-punch#*",
      "@bower_components/js-xlsx": "SheetJS/js-xlsx#0.8.5",
      "@bower_components/ng-file-upload": "danialfarid/angular-file-upload-bower#12.2.13",
      "@bower_components/zeroclipboard": "zeroclipboard/zeroclipboard#2.3.0",
      "file-saver": "^1.3.8"
    },
    "engines": {
      "yarn": ">= 1.0.0"
    },
    "scripts": {
      "postinstall": "node -e \"try { require('fs').symlinkSync(require('path').resolve('node_modules/@bower_components'), 'bower_components', 'junction') } catch (e) { }\""
    }
  }

yarn manifest: 
  No manifest

Lockfile: 
  # THIS IS AN AUTOGENERATED FILE. DO NOT EDIT THIS FILE DIRECTLY.
  # yarn lockfile v1
  
  
  "@bower_components/FileSaver@eligrey/FileSaver.js":
    version "1.3.8"
    resolved "https://codeload.github.com/eligrey/FileSaver.js/tar.gz/1144ac42bb762f40d6dd272ea8d6aa88f2cb8e49"
  
  "@bower_components/angular-animate@angular/bower-angular-animate#1.6.2":
    version "1.6.2"
    resolved "https://codeload.github.com/angular/bower-angular-animate/tar.gz/bd4e1fb3b6ac4f20adca0ba6d4fbf91359836a97"
  
  "@bower_components/angular-bootstrap-colorpicker@buberdds/angular-bootstrap-colorpicker#*":
    version "3.0.32"
    resolved "https://codeload.github.com/buberdds/angular-bootstrap-colorpicker/tar.gz/7db192ab485f19a7cefad4985f3faf8572270b13"
  
  "@bower_components/angular-route@angular/bower-angular-route#1.6.2":
    version "1.6.2"
    resolved "https://codeload.github.com/angular/bower-angular-route/tar.gz/7e9ab73cf3c3eddbc66b52a75a3c962506d06f92"
  
  "@bower_components/angular-sanitize@angular/bower-angular-sanitize#1.6.2":
    version "1.6.2"
    resolved "https://codeload.github.com/angular/bower-angular-sanitize/tar.gz/54582fd74079ce33b55f1cb3ce5390f33d188a03"
  
  "@bower_components/angular-strap@mgcrea/angular-strap#2.3.12":
    version "2.3.12"
    resolved "https://codeload.github.com/mgcrea/angular-strap/tar.gz/bc1cb5cc10f253a0cce16ecda360879d77f10768"
  
  "@bower_components/angular-ui@angular-ui/angular-ui#0.4.0":
    version "0.4.0"
    resolved "https://codeload.github.com/angular-ui/angular-ui/tar.gz/94f90431b3544039b0850c3d0d3cbc80b93a7891"
  
  "@bower_components/angular@angular/bower-angular#1.6.2":
    version "1.6.2"
    resolved "https://codeload.github.com/angular/bower-angular/tar.gz/6588975381655e657da44fb3a573dbf48c3075d5"
  
  "@bower_components/bootstrap-colorpicker@itsjavi/bootstrap-colorpicker#*":
    version "3.0.3"
    resolved "https://codeload.github.com/itsjavi/bootstrap-colorpicker/tar.gz/98a11a57844b6d2f80823da3b4efdb02e2218122"
    dependencies:
      bootstrap "^4.0"
      jquery ">=2.1.0"
  
  "@bower_components/bootstrap@twbs/bootstrap#3.3.6":
    version "3.3.6"
    resolved "https://codeload.github.com/twbs/bootstrap/tar.gz/81df608a40bf0629a1dc08e584849bb1e43e0b7a"
  
  "@bower_components/canvas-toBlob@eligrey/canvas-toBlob.js":
    version "0.0.0"
    resolved "https://codeload.github.com/eligrey/canvas-toBlob.js/tar.gz/f1a01896135ab378aa5c0118eadd81da55e698d8"
  
  "@bower_components/codemirror@components/codemirror#*":
    version "5.40.0"
    resolved "https://codeload.github.com/components/codemirror/tar.gz/21e642c519b6595101c47f1854c33cded43e5267"
  
  "@bower_components/d3-contour@d3/d3-contour":
    version "1.3.2"
    resolved "https://codeload.github.com/d3/d3-contour/tar.gz/02f04614482e90efc47ff23271f50cca2a02d140"
    dependencies:
      d3-array "^1.1.1"
  
  "@bower_components/d3-delaunay@d3/d3-delaunay":
    version "4.1.2"
    resolved "https://codeload.github.com/d3/d3-delaunay/tar.gz/b3441449e59a88c15a5895df2e08141f1dd7aff6"
    dependencies:
      delaunator "^2.0.0"
  
  "@bower_components/d3-hexbin@d3/d3-hexbin":
    version "0.2.2"
    resolved "https://codeload.github.com/d3/d3-hexbin/tar.gz/6d5c3e295f81975049e48a56866b87eb316c60d5"
  
  "@bower_components/d3-sankey@d3/d3-sankey":
    version "0.7.1"
    resolved "https://codeload.github.com/d3/d3-sankey/tar.gz/510734fbf400f618e5fa04cb84af90efa6f708a2"
    dependencies:
      d3-array "1"
      d3-collection "1"
      d3-shape "^1.2.0"
  
  "@bower_components/d3-voronoi@d3/d3-voronoi":
    version "1.1.4"
    resolved "https://codeload.github.com/d3/d3-voronoi/tar.gz/d31b27d797c141c2ec6e579e5950d075a705b836"
  
  "@bower_components/d3@mbostock-bower/d3-bower#5.0.0":
    version "0.0.0"
    resolved "https://codeload.github.com/mbostock-bower/d3-bower/tar.gz/940a7978acad59aacb11c81cd00e1be683eaccaa"
  
  "@bower_components/is_js@arasatasaygin/is.js#0.9.0":
    version "0.9.0"
    resolved "https://codeload.github.com/arasatasaygin/is.js/tar.gz/8516199ca608055188020f2b7a20559e465a39be"
  
  "@bower_components/jquery-ui@components/jqueryui#1.12.1":
    version "1.12.1"
    resolved "https://codeload.github.com/components/jqueryui/tar.gz/44ecf3794cc56b65954cc19737234a3119d036cc"
  
  "@bower_components/jquery@jquery/jquery-dist#1.9.1 - 2":
    version "2.2.4"
    resolved "https://codeload.github.com/jquery/jquery-dist/tar.gz/c0185ab7c75aab88762c5aae780b9d83b80eda72"
  
  "@bower_components/jqueryui-touch-punch@furf/jquery-ui-touch-punch#*":
    version "0.0.0"
    resolved "https://codeload.github.com/furf/jquery-ui-touch-punch/tar.gz/4bc009145202d9c7483ba85f3a236a8f3470354d"
  
  "@bower_components/js-xlsx@SheetJS/js-xlsx#0.8.5":
    version "0.8.5"
    resolved "https://codeload.github.com/SheetJS/js-xlsx/tar.gz/7683e213eaeab6dfa91fa602d850820cb0ab7bf4"
    dependencies:
      adler-32 ""
      cfb ">=0.10.0"
      codepage ""
      commander ""
      crc-32 ""
      exit-on-epipe ""
      ssf "~0.8.1"
  
  "@bower_components/ng-file-upload@danialfarid/angular-file-upload-bower#12.2.13":
    version "0.0.0"
    resolved "https://codeload.github.com/danialfarid/angular-file-upload-bower/tar.gz/4ba3e7eb34c3ced628699e3e20bfca32ea5be1f5"
  
  "@bower_components/zeroclipboard@zeroclipboard/zeroclipboard#2.3.0":
    version "2.3.0"
    resolved "https://codeload.github.com/zeroclipboard/zeroclipboard/tar.gz/9ddfc4623bda247f3647733f7ca3bed5bd5e4972"
  
  adler-32@:
    version "1.2.0"
    resolved "https://registry.yarnpkg.com/adler-32/-/adler-32-1.2.0.tgz#6a3e6bf0a63900ba15652808cb15c6813d1a5f25"
    dependencies:
      exit-on-epipe "~1.0.1"
      printj "~1.1.0"
  
  bootstrap@^4.0:
    version "4.1.3"
    resolved "https://registry.yarnpkg.com/bootstrap/-/bootstrap-4.1.3.tgz#0eb371af2c8448e8c210411d0cb824a6409a12be"
  
  cfb@>=0.10.0:
    version "1.0.8"
    resolved "https://registry.yarnpkg.com/cfb/-/cfb-1.0.8.tgz#77f213493d697d754fd9c0f5511eab5ad72d02cf"
    dependencies:
      commander "^2.14.1"
      printj "~1.1.2"
  
  codepage@:
    version "1.14.0"
    resolved "https://registry.yarnpkg.com/codepage/-/codepage-1.14.0.tgz#8cbe25481323559d7d307571b0fff91e7a1d2f99"
    dependencies:
      commander "~2.14.1"
      exit-on-epipe "~1.0.1"
  
  colors@0.6.2:
    version "0.6.2"
    resolved "https://registry.yarnpkg.com/colors/-/colors-0.6.2.tgz#2423fe6678ac0c5dae8852e5d0e5be08c997abcc"
  
  commander@, commander@^2.14.1:
    version "2.17.1"
    resolved "https://registry.yarnpkg.com/commander/-/commander-2.17.1.tgz#bd77ab7de6de94205ceacc72f1716d29f20a77bf"
  
  commander@~2.14.1:
    version "2.14.1"
    resolved "https://registry.yarnpkg.com/commander/-/commander-2.14.1.tgz#2235123e37af8ca3c65df45b026dbd357b01b9aa"
  
  crc-32@:
    version "1.2.0"
    resolved "https://registry.yarnpkg.com/crc-32/-/crc-32-1.2.0.tgz#cb2db6e29b88508e32d9dd0ec1693e7b41a18208"
    dependencies:
      exit-on-epipe "~1.0.1"
      printj "~1.1.0"
  
  d3-array@1, d3-array@^1.1.1:
    version "1.2.4"
    resolved "https://registry.yarnpkg.com/d3-array/-/d3-array-1.2.4.tgz#635ce4d5eea759f6f605863dbcfc30edc737f71f"
  
  d3-collection@1:
    version "1.0.7"
    resolved "https://registry.yarnpkg.com/d3-collection/-/d3-collection-1.0.7.tgz#349bd2aa9977db071091c13144d5e4f16b5b310e"
  
  d3-path@1:
    version "1.0.7"
    resolved "https://registry.yarnpkg.com/d3-path/-/d3-path-1.0.7.tgz#8de7cd693a75ac0b5480d3abaccd94793e58aae8"
  
  d3-shape@^1.2.0:
    version "1.2.2"
    resolved "https://registry.yarnpkg.com/d3-shape/-/d3-shape-1.2.2.tgz#f9dba3777a5825f9a8ce8bc928da08c17679e9a7"
    dependencies:
      d3-path "1"
  
  delaunator@^2.0.0:
    version "2.0.2"
    resolved "https://registry.yarnpkg.com/delaunator/-/delaunator-2.0.2.tgz#c165838f9e669214222801289bcb3083cb0f285f"
  
  exit-on-epipe@, exit-on-epipe@~1.0.1:
    version "1.0.1"
    resolved "https://registry.yarnpkg.com/exit-on-epipe/-/exit-on-epipe-1.0.1.tgz#0bdd92e87d5285d267daa8171d0eb06159689692"
  
  file-saver@^1.3.8:
    version "1.3.8"
    resolved "https://registry.yarnpkg.com/file-saver/-/file-saver-1.3.8.tgz#e68a30c7cb044e2fb362b428469feb291c2e09d8"
  
  frac@0.3.1:
    version "0.3.1"
    resolved "https://registry.yarnpkg.com/frac/-/frac-0.3.1.tgz#577677b7fdcbe6faf7c461f1801d34137cda4354"
  
  jquery@>=2.1.0:
    version "3.3.1"
    resolved "https://registry.yarnpkg.com/jquery/-/jquery-3.3.1.tgz#958ce29e81c9790f31be7792df5d4d95fc57fbca"
  
  printj@~1.1.0, printj@~1.1.2:
    version "1.1.2"
    resolved "https://registry.yarnpkg.com/printj/-/printj-1.1.2.tgz#d90deb2975a8b9f600fb3a1c94e3f4c53c78a222"
  
  ssf@~0.8.1:
    version "0.8.2"
    resolved "https://registry.yarnpkg.com/ssf/-/ssf-0.8.2.tgz#b9d4dc6a1c1bcf76f8abfa96d7d7656fb2abecd6"
    dependencies:
      colors "0.6.2"
      frac "0.3.1"
      voc ""
  
  voc@:
    version "1.1.0"
    resolved "https://registry.yarnpkg.com/voc/-/voc-1.1.0.tgz#d1a08aeff66646bf17cdba2e47c935a7a9b0218b"
